<?xml version="1.0" encoding="UTF-8"?>
<!-- Generated by org.testng.reporters.JUnitXMLReporter -->
<testsuite ignored="0" hostname="Balas-MacBook-Pro.local" failures="1" tests="1" name="Test123" time="1.415" errors="0" timestamp="2019-12-21T17:19:05 IST">
  <testcase classname="parallelexec.Parallelbrowser" name="parallelbrowse" time="1.41">
    <failure type="org.openqa.selenium.SessionNotCreatedException" message="session not created: This version of ChromeDriver only supports Chrome version 77
Build info: version: &amp;apos;3.141.59&amp;apos;, revision: &amp;apos;e82be7d358&amp;apos;, time: &amp;apos;2018-11-14T08:17:03&amp;apos;
System info: host: &amp;apos;Balas-MacBook-Pro.local&amp;apos;, ip: &amp;apos;fe80:0:0:0:1065:6bcc:fec:655b%en0&amp;apos;, os.name: &amp;apos;Mac OS X&amp;apos;, os.arch: &amp;apos;x86_64&amp;apos;, os.version: &amp;apos;10.14.5&amp;apos;, java.version: &amp;apos;13&amp;apos;
Driver info: driver.version: ChromeDriver
remote stacktrace: 0   chromedriver                        0x00000001020f7f09 chromedriver + 3694345
1   chromedriver                        0x0000000102084fd3 chromedriver + 3223507
2   chromedriver                        0x0000000101e2458f chromedriver + 730511
3   chromedriver                        0x0000000101d8a10b chromedriver + 98571
4   chromedriver                        0x0000000101d8622a chromedriver + 82474
5   chromedriver                        0x0000000101db3b71 chromedriver + 269169
6   chromedriver                        0x0000000101db0e83 chromedriver + 257667
7   chromedriver                        0x0000000101d8c23d chromedriver + 107069
8   chromedriver                        0x0000000101d8d1d5 chromedriver + 111061
9   chromedriver                        0x00000001020b307f chromedriver + 3412095
10  chromedriver                        0x00000001020bfced chromedriver + 3464429
11  chromedriver                        0x00000001020bfa78 chromedriver + 3463800
12  chromedriver                        0x0000000102092959 chromedriver + 3279193
13  chromedriver                        0x00000001020c0548 chromedriver + 3466568
14  chromedriver                        0x00000001020a71b7 chromedriver + 3363255
15  chromedriver                        0x00000001020de474 chromedriver + 3589236
16  chromedriver                        0x00000001020fdce7 chromedriver + 3718375
17  libsystem_pthread.dylib             0x00007fff7d3c42eb _pthread_body + 126
18  libsystem_pthread.dylib             0x00007fff7d3c7249 _pthread_start + 66
19  libsystem_pthread.dylib             0x00007fff7d3c340d thread_start + 13
">
      <![CDATA[org.openqa.selenium.SessionNotCreatedException: session not created: This version of ChromeDriver only supports Chrome version 77
Build info: version: '3.141.59', revision: 'e82be7d358', time: '2018-11-14T08:17:03'
System info: host: 'Balas-MacBook-Pro.local', ip: 'fe80:0:0:0:1065:6bcc:fec:655b%en0', os.name: 'Mac OS X', os.arch: 'x86_64', os.version: '10.14.5', java.version: '13'
Driver info: driver.version: ChromeDriver
remote stacktrace: 0   chromedriver                        0x00000001020f7f09 chromedriver + 3694345
1   chromedriver                        0x0000000102084fd3 chromedriver + 3223507
2   chromedriver                        0x0000000101e2458f chromedriver + 730511
3   chromedriver                        0x0000000101d8a10b chromedriver + 98571
4   chromedriver                        0x0000000101d8622a chromedriver + 82474
5   chromedriver                        0x0000000101db3b71 chromedriver + 269169
6   chromedriver                        0x0000000101db0e83 chromedriver + 257667
7   chromedriver                        0x0000000101d8c23d chromedriver + 107069
8   chromedriver                        0x0000000101d8d1d5 chromedriver + 111061
9   chromedriver                        0x00000001020b307f chromedriver + 3412095
10  chromedriver                        0x00000001020bfced chromedriver + 3464429
11  chromedriver                        0x00000001020bfa78 chromedriver + 3463800
12  chromedriver                        0x0000000102092959 chromedriver + 3279193
13  chromedriver                        0x00000001020c0548 chromedriver + 3466568
14  chromedriver                        0x00000001020a71b7 chromedriver + 3363255
15  chromedriver                        0x00000001020de474 chromedriver + 3589236
16  chromedriver                        0x00000001020fdce7 chromedriver + 3718375
17  libsystem_pthread.dylib             0x00007fff7d3c42eb _pthread_body + 126
18  libsystem_pthread.dylib             0x00007fff7d3c7249 _pthread_start + 66
19  libsystem_pthread.dylib             0x00007fff7d3c340d thread_start + 13

at org.openqa.selenium.remote.W3CHandshakeResponse.lambda$errorHandler$0(W3CHandshakeResponse.java:62)
at org.openqa.selenium.remote.HandshakeResponse.lambda$getResponseFunction$0(HandshakeResponse.java:30)
at org.openqa.selenium.remote.ProtocolHandshake.lambda$createSession$0(ProtocolHandshake.java:126)
at java.base/java.util.stream.ReferencePipeline$3$1.accept(ReferencePipeline.java:195)
at java.base/java.util.Spliterators$ArraySpliterator.tryAdvance(Spliterators.java:958)
at java.base/java.util.stream.ReferencePipeline.forEachWithCancel(ReferencePipeline.java:127)
at java.base/java.util.stream.AbstractPipeline.copyIntoWithCancel(AbstractPipeline.java:502)
at java.base/java.util.stream.AbstractPipeline.copyInto(AbstractPipeline.java:488)
at java.base/java.util.stream.AbstractPipeline.wrapAndCopyInto(AbstractPipeline.java:474)
at java.base/java.util.stream.FindOps$FindOp.evaluateSequential(FindOps.java:150)
at java.base/java.util.stream.AbstractPipeline.evaluate(AbstractPipeline.java:234)
at java.base/java.util.stream.ReferencePipeline.findFirst(ReferencePipeline.java:543)
at org.openqa.selenium.remote.ProtocolHandshake.createSession(ProtocolHandshake.java:128)
at org.openqa.selenium.remote.ProtocolHandshake.createSession(ProtocolHandshake.java:74)
at org.openqa.selenium.remote.HttpCommandExecutor.execute(HttpCommandExecutor.java:136)
at org.openqa.selenium.remote.service.DriverCommandExecutor.execute(DriverCommandExecutor.java:83)
at org.openqa.selenium.remote.RemoteWebDriver.execute(RemoteWebDriver.java:552)
at org.openqa.selenium.remote.RemoteWebDriver.startSession(RemoteWebDriver.java:213)
at org.openqa.selenium.remote.RemoteWebDriver.<init>(RemoteWebDriver.java:131)
at org.openqa.selenium.chrome.ChromeDriver.<init>(ChromeDriver.java:181)
at org.openqa.selenium.chrome.ChromeDriver.<init>(ChromeDriver.java:168)
at org.openqa.selenium.chrome.ChromeDriver.<init>(ChromeDriver.java:123)
at parallelexec.Parallelbrowser.parallelbrowse(Parallelbrowser.java:24)
at java.base/java.util.ArrayList.forEach(ArrayList.java:1507)
... Removed 32 stack frames]]>
    </failure>
  </testcase> <!-- parallelbrowse -->
</testsuite> <!-- Test123 -->
